Jan 26, 2022 7:33:52 PM org.ce.ap.server.Server initLogger
INFO: properties were read and logger started.
Jan 26, 2022 7:33:53 PM org.ce.ap.impl.server.FileManagementImpl loadDatabase
INFO: database read.
Jan 26, 2022 7:33:56 PM org.ce.ap.server.Server acceptClients
INFO: socket: Socket[addr=/127.0.0.1,port=54342,localport=8080]Connected.
Jan 26, 2022 7:34:00 PM org.ce.ap.impl.server.AuthenticationServiceImpl signInRequest
INFO: username 2was requested for sign in and was allowed to sign in.
Jan 26, 2022 7:34:00 PM org.ce.ap.impl.server.TimelineServiceImpl sortMessages
INFO: all messages were gathered and sorted. details:[org.ce.ap.server.Tweet@51, org.ce.ap.server.Tweet@51, org.ce.ap.server.Tweet@51, org.ce.ap.server.Tweet@51, org.ce.ap.server.Tweet@50]
Jan 26, 2022 7:34:03 PM org.ce.ap.impl.server.ObserverServiceImpl getFollowers
INFO: all followers of username: 2 were gathered and returned. details:
[1]
Jan 26, 2022 7:34:03 PM org.ce.ap.impl.server.ObserverServiceImpl getFollowers
INFO: all followers of username: 2 were gathered and returned. details:
[1]
Jan 26, 2022 7:34:03 PM org.ce.ap.impl.server.ObserverServiceImpl getFollowings
INFO: all followings of username: 2 were gathered and returned. details:
[1]
Jan 26, 2022 7:34:03 PM org.ce.ap.impl.server.ObserverServiceImpl getFollowers
INFO: all followers of username: 2 were gathered and returned. details:
[1]
Jan 26, 2022 7:34:06 PM org.ce.ap.impl.server.ObserverServiceImpl getFollowers
INFO: all followers of username: 2 were gathered and returned. details:
[1]
Jan 26, 2022 7:34:06 PM org.ce.ap.impl.server.ObserverServiceImpl getFollowers
INFO: all followers of username: 2 were gathered and returned. details:
[1]
Jan 26, 2022 7:34:06 PM org.ce.ap.impl.server.ObserverServiceImpl getFollowings
INFO: all followings of username: 2 were gathered and returned. details:
[1]
Jan 26, 2022 7:34:06 PM org.ce.ap.impl.server.ObserverServiceImpl getFollowers
INFO: all followers of username: 2 were gathered and returned. details:
[1]
