Jan 23, 2022 3:33:45 PM org.ce.ap.server.Server initLogger
INFO: properties were read and logger started.
Jan 23, 2022 3:33:45 PM org.ce.ap.impl.server.FileManagementImpl loadDatabase
INFO: database read.
Jan 23, 2022 3:33:50 PM org.ce.ap.server.Server acceptClients
INFO: socket: Socket[addr=/127.0.0.1,port=54434,localport=8080]Connected.
Jan 23, 2022 3:33:53 PM org.ce.ap.impl.server.AuthenticationServiceImpl signInRequest
INFO: username 1was requested for sign in and was allowed to sign in.
Jan 23, 2022 3:33:53 PM org.ce.ap.impl.server.TimelineServiceImpl sortMessages
INFO: all messages were gathered and sorted. details:[org.ce.ap.server.Tweet@50, org.ce.ap.server.Tweet@50, org.ce.ap.server.Retweet@544d0b76, org.ce.ap.server.Tweet@50, org.ce.ap.server.Tweet@50, org.ce.ap.server.Tweet@50]
Jan 23, 2022 3:34:06 PM org.ce.ap.impl.server.TweetingServiceImpl findMessage
INFO: tweet with id: 41was requested to find and was found.
Jan 23, 2022 3:34:06 PM org.ce.ap.impl.server.TweetingServiceImpl like
INFO: tweet :41 was already liked by1 so it was disliked.
Jan 23, 2022 3:34:06 PM org.ce.ap.impl.server.TimelineServiceImpl sortMessages
INFO: all messages were gathered and sorted. details:[org.ce.ap.server.Tweet@50, org.ce.ap.server.Tweet@50, org.ce.ap.server.Retweet@544d0b76, org.ce.ap.server.Tweet@50, org.ce.ap.server.Tweet@50, org.ce.ap.server.Tweet@50]
Jan 23, 2022 3:34:10 PM org.ce.ap.impl.server.TweetingServiceImpl findMessage
INFO: tweet with id: 42was requested to find and was found.
Jan 23, 2022 3:34:10 PM org.ce.ap.impl.server.TweetingServiceImpl like
INFO: tweet :42 was already liked by1 so it was disliked.
Jan 23, 2022 3:34:10 PM org.ce.ap.impl.server.TimelineServiceImpl sortMessages
INFO: all messages were gathered and sorted. details:[org.ce.ap.server.Tweet@50, org.ce.ap.server.Tweet@50, org.ce.ap.server.Retweet@544d0b76, org.ce.ap.server.Tweet@50, org.ce.ap.server.Tweet@50, org.ce.ap.server.Tweet@50]
Jan 23, 2022 3:34:12 PM org.ce.ap.impl.server.TweetingServiceImpl findMessage
INFO: tweet with id: 42was requested to find and was found.
Jan 23, 2022 3:34:12 PM org.ce.ap.impl.server.TweetingServiceImpl like
INFO: tweet :42 was by1 .
Jan 23, 2022 3:34:12 PM org.ce.ap.impl.server.TimelineServiceImpl sortMessages
INFO: all messages were gathered and sorted. details:[org.ce.ap.server.Tweet@50, org.ce.ap.server.Tweet@50, org.ce.ap.server.Retweet@544d0b76, org.ce.ap.server.Tweet@50, org.ce.ap.server.Tweet@50, org.ce.ap.server.Tweet@50]
Jan 23, 2022 3:34:14 PM org.ce.ap.impl.server.TweetingServiceImpl findMessage
INFO: tweet with id: 41was requested to find and was found.
Jan 23, 2022 3:34:14 PM org.ce.ap.impl.server.TweetingServiceImpl like
INFO: tweet :41 was by1 .
Jan 23, 2022 3:34:14 PM org.ce.ap.impl.server.TimelineServiceImpl sortMessages
INFO: all messages were gathered and sorted. details:[org.ce.ap.server.Tweet@50, org.ce.ap.server.Tweet@50, org.ce.ap.server.Retweet@544d0b76, org.ce.ap.server.Tweet@50, org.ce.ap.server.Tweet@50, org.ce.ap.server.Tweet@50]
Jan 23, 2022 3:34:45 PM org.ce.ap.impl.server.FileManagementImpl saveDatabase
INFO: database saved.
Jan 23, 2022 3:35:45 PM org.ce.ap.impl.server.FileManagementImpl saveDatabase
INFO: database saved.
Jan 23, 2022 3:36:45 PM org.ce.ap.impl.server.FileManagementImpl saveDatabase
INFO: database saved.
Jan 23, 2022 3:37:45 PM org.ce.ap.impl.server.FileManagementImpl saveDatabase
INFO: database saved.
Jan 23, 2022 3:38:45 PM org.ce.ap.impl.server.FileManagementImpl saveDatabase
INFO: database saved.
Jan 23, 2022 3:39:45 PM org.ce.ap.impl.server.FileManagementImpl saveDatabase
INFO: database saved.
Jan 23, 2022 3:40:45 PM org.ce.ap.impl.server.FileManagementImpl saveDatabase
INFO: database saved.
Jan 23, 2022 3:57:46 PM org.ce.ap.impl.server.FileManagementImpl saveDatabase
INFO: database saved.
Jan 23, 2022 3:58:46 PM org.ce.ap.impl.server.FileManagementImpl saveDatabase
INFO: database saved.
Jan 23, 2022 3:59:46 PM org.ce.ap.impl.server.FileManagementImpl saveDatabase
INFO: database saved.
Jan 23, 2022 4:00:18 PM org.ce.ap.server.Server acceptClients
INFO: socket: Socket[addr=/127.0.0.1,port=60533,localport=8080]Connected.
Jan 23, 2022 4:00:21 PM org.ce.ap.impl.server.AuthenticationServiceImpl signInRequest
INFO: username 1was requested for sign in and was allowed to sign in.
Jan 23, 2022 4:00:21 PM org.ce.ap.impl.server.TimelineServiceImpl sortMessages
INFO: all messages were gathered and sorted. details:[org.ce.ap.server.Tweet@50, org.ce.ap.server.Tweet@50, org.ce.ap.server.Retweet@544d0b76, org.ce.ap.server.Tweet@50, org.ce.ap.server.Tweet@50, org.ce.ap.server.Tweet@50]
Jan 23, 2022 4:00:24 PM org.ce.ap.impl.server.TweetingServiceImpl findMessage
INFO: retweet with id: 40was requested to find and was found.
Jan 23, 2022 4:00:24 PM org.ce.ap.impl.server.TweetingServiceImpl LikeRetweet
INFO: retweet with id: 1was requested to be liked by1and was liked.
Jan 23, 2022 4:00:24 PM org.ce.ap.impl.server.TimelineServiceImpl sortMessages
INFO: all messages were gathered and sorted. details:[org.ce.ap.server.Tweet@50, org.ce.ap.server.Tweet@50, org.ce.ap.server.Retweet@544d0b76, org.ce.ap.server.Tweet@50, org.ce.ap.server.Tweet@50, org.ce.ap.server.Tweet@50]
Jan 23, 2022 4:00:46 PM org.ce.ap.impl.server.FileManagementImpl saveDatabase
INFO: database saved.
Jan 23, 2022 4:01:46 PM org.ce.ap.impl.server.FileManagementImpl saveDatabase
INFO: database saved.
